<?xml version="1.0" encoding="UTF-8"?>
<!-- Generated by org.testng.reporters.JUnitXMLReporter -->
<testsuite hostname="cjj" ignored="0" name="test1" tests="4" failures="1" timestamp="25 十月 2017 11:22:08 GMT" time="48.358" errors="0">
  <testcase name="filelogin01" time="2.721" classname="com.chandao.testcase.LoginTest"/>
  <testcase name="loginTest" time="7.71" classname="com.chandao.testcase.LoginTest">
    <skipped/>
  </testcase> <!-- loginTest -->
  <testcase name="loginTest" time="13.72" classname="com.chandao.testcase.LoginTest">
    <skipped/>
  </testcase> <!-- loginTest -->
  <testcase name="loginTest" time="13.799" classname="com.chandao.testcase.LoginTest">
    <failure type="junit.framework.AssertionFailedError" message="查找元素异常，退出当前测试用例">
      <![CDATA[junit.framework.AssertionFailedError: 查找元素异常，退出当前测试用例
	at junit.framework.Assert.fail(Assert.java:47)
	at com.chandao.baseframework.WebElementUntils.getElement(WebElementUntils.java:57)
	at com.chandao.baseframework.WebElementUntils$1.apply(WebElementUntils.java:66)
	at com.chandao.baseframework.WebElementUntils$1.apply(WebElementUntils.java:1)
	at org.openqa.selenium.support.ui.FluentWait.until(FluentWait.java:209)
	at com.chandao.baseframework.WebElementUntils.findElement(WebElementUntils.java:64)
	at com.chandao.baseframework.WebElementUntils.sendkeys(WebElementUntils.java:79)
	at com.chandao.pages.LoginPage.inputUserName(LoginPage.java:30)
	at com.chandao.actions.LoginOperate.LoginSuess(LoginOperate.java:25)
	at com.chandao.actions.LoginOperate.getLoginName(LoginOperate.java:31)
	at com.chandao.testcase.LoginTest.loginTest(LoginTest.java:46)
... Removed 25 stack frames]]>
    </failure>
  </testcase> <!-- loginTest -->
</testsuite> <!-- test1 -->
