<?xml version="1.0" encoding="UTF-8"?>
<testng-results skipped="0" failed="0" ignored="0" total="2" passed="2">
  <reporter-output>
    <line>
      <![CDATA[<span style="color:#16A05D"><b>[2017-10-25 19:33:57] [INFO] com.chandao.baseframework.DriverFactory: 杀死Chrome浏览器进程成功</b></span><br />]]>
    </line>
    <line>
      <![CDATA[<span style="color:#16A05D"><b>[2017-10-25 19:34:04] [INFO] com.chandao.baseframework.DriverUntils: 打开网址：http://192.168.1.120:81/zentao/</b></span><br />]]>
    </line>
    <line>
      <![CDATA[<span style="color:#16A05D"><b>[2017-10-25 19:34:05] [INFO] com.chandao.baseframework.DriverUntils:  在元素：用户名输入框 输入admin</b></span><br />]]>
    </line>
    <line>
      <![CDATA[<span style="color:#16A05D"><b>[2017-10-25 19:34:05] [INFO] com.chandao.baseframework.DriverUntils:  在元素：密码输入框 输入123456</b></span><br />]]>
    </line>
    <line>
      <![CDATA[<span style="color:#16A05D"><b>[2017-10-25 19:34:05] [INFO] com.chandao.baseframework.DriverUntils: 点击元素：登录按钮</b></span><br />]]>
    </line>
    <line>
      <![CDATA[<span style="color:#16A05D"><b>[2017-10-25 19:34:08] [INFO] com.chandao.baseframework.DriverUntils: 打开网址：http://192.168.1.120:81/zentao/</b></span><br />]]>
    </line>
    <line>
      <![CDATA[<span style="color:#16A05D"><b>[2017-10-25 19:34:08] [INFO] com.chandao.baseframework.DriverUntils:  在元素：用户名输入框 输入admin</b></span><br />]]>
    </line>
    <line>
      <![CDATA[<span style="color:#16A05D"><b>[2017-10-25 19:34:08] [INFO] com.chandao.baseframework.DriverUntils:  在元素：密码输入框 输入cjj18890497658</b></span><br />]]>
    </line>
    <line>
      <![CDATA[<span style="color:#16A05D"><b>[2017-10-25 19:34:09] [INFO] com.chandao.baseframework.DriverUntils: 点击元素：登录按钮</b></span><br />]]>
    </line>
    <line>
      <![CDATA[<span style="color:#16A05D"><b>[2017-10-25 19:34:12] [INFO] com.chandao.baseframework.DriverUntils: 获取元素：用户主菜单文本值</b></span><br />]]>
    </line>
  </reporter-output>
  <suite name="Default suite" duration-ms="21502" started-at="2017-10-25T11:33:56Z" finished-at="2017-10-25T11:34:17Z">
    <groups>
    </groups>
    <test name="Default test" duration-ms="21502" started-at="2017-10-25T11:33:56Z" finished-at="2017-10-25T11:34:17Z">
      <class name="com.chandao.testcase.LoginTest">
        <test-method status="PASS" signature="setUp()[pri:0, instance:com.chandao.testcase.LoginTest@77cd7a0]" name="setUp" is-config="true" duration-ms="5851" started-at="2017-10-25T19:33:56Z" finished-at="2017-10-25T19:34:02Z">
          <reporter-output>
            <line>
              <![CDATA[<span style="color:#16A05D"><b>[2017-10-25 19:33:57] [INFO] com.chandao.baseframework.DriverFactory: 杀死Chrome浏览器进程成功</b></span><br />]]>
            </line>
          </reporter-output>
        </test-method> <!-- setUp -->
        <test-method status="PASS" signature="filelogin01()[pri:0, instance:com.chandao.testcase.LoginTest@77cd7a0]" name="filelogin01" duration-ms="3066" started-at="2017-10-25T19:34:02Z" finished-at="2017-10-25T19:34:05Z">
          <reporter-output>
            <line>
              <![CDATA[<span style="color:#16A05D"><b>[2017-10-25 19:34:04] [INFO] com.chandao.baseframework.DriverUntils: 打开网址：http://192.168.1.120:81/zentao/</b></span><br />]]>
            </line>
            <line>
              <![CDATA[<span style="color:#16A05D"><b>[2017-10-25 19:34:05] [INFO] com.chandao.baseframework.DriverUntils:  在元素：用户名输入框 输入admin</b></span><br />]]>
            </line>
            <line>
              <![CDATA[<span style="color:#16A05D"><b>[2017-10-25 19:34:05] [INFO] com.chandao.baseframework.DriverUntils:  在元素：密码输入框 输入123456</b></span><br />]]>
            </line>
            <line>
              <![CDATA[<span style="color:#16A05D"><b>[2017-10-25 19:34:05] [INFO] com.chandao.baseframework.DriverUntils: 点击元素：登录按钮</b></span><br />]]>
            </line>
          </reporter-output>
        </test-method> <!-- filelogin01 -->
        <test-method status="PASS" signature="loginTest()[pri:0, instance:com.chandao.testcase.LoginTest@77cd7a0]" name="loginTest" duration-ms="7463" started-at="2017-10-25T19:34:05Z" finished-at="2017-10-25T19:34:12Z">
          <reporter-output>
            <line>
              <![CDATA[<span style="color:#16A05D"><b>[2017-10-25 19:34:08] [INFO] com.chandao.baseframework.DriverUntils: 打开网址：http://192.168.1.120:81/zentao/</b></span><br />]]>
            </line>
            <line>
              <![CDATA[<span style="color:#16A05D"><b>[2017-10-25 19:34:08] [INFO] com.chandao.baseframework.DriverUntils:  在元素：用户名输入框 输入admin</b></span><br />]]>
            </line>
            <line>
              <![CDATA[<span style="color:#16A05D"><b>[2017-10-25 19:34:08] [INFO] com.chandao.baseframework.DriverUntils:  在元素：密码输入框 输入cjj18890497658</b></span><br />]]>
            </line>
            <line>
              <![CDATA[<span style="color:#16A05D"><b>[2017-10-25 19:34:09] [INFO] com.chandao.baseframework.DriverUntils: 点击元素：登录按钮</b></span><br />]]>
            </line>
            <line>
              <![CDATA[<span style="color:#16A05D"><b>[2017-10-25 19:34:12] [INFO] com.chandao.baseframework.DriverUntils: 获取元素：用户主菜单文本值</b></span><br />]]>
            </line>
          </reporter-output>
        </test-method> <!-- loginTest -->
        <test-method status="PASS" signature="tearDown()[pri:0, instance:com.chandao.testcase.LoginTest@77cd7a0]" name="tearDown" is-config="true" duration-ms="5098" started-at="2017-10-25T19:34:12Z" finished-at="2017-10-25T19:34:17Z">
          <reporter-output>
          </reporter-output>
        </test-method> <!-- tearDown -->
      </class> <!-- com.chandao.testcase.LoginTest -->
    </test> <!-- Default test -->
  </suite> <!-- Default suite -->
</testng-results>
